<?xml version="1.0" encoding="UTF-8"?>
<!-- Generated by org.testng.reporters.JUnitReportReporter -->
<testsuite hostname="DESKTOP-0BKH9NL" failures="0" tests="1" name="com.simplilearn.automatethewebapplication.AppTest" time="0.001" errors="0" timestamp="2022-04-16T11:30:03 IST" skipped="0">
  <testcase classname="com.simplilearn.automatethewebapplication.AppTest" name="testApp" time="0.001"/>
  <system-out/>
</testsuite> <!-- com.simplilearn.automatethewebapplication.AppTest -->
