<?xml version="1.0" encoding="UTF-8"?>
<!-- Generated by org.testng.reporters.JUnitReportReporter -->
<testsuite hostname="DESKTOP-0BKH9NL" failures="0" tests="1" name="com.simplilearn.selenium.AppTest" time="0.002" errors="0" timestamp="2022-04-16T10:54:22 IST" skipped="0">
  <testcase classname="com.simplilearn.selenium.AppTest" name="testApp" time="0.002"/>
  <system-out/>
</testsuite> <!-- com.simplilearn.selenium.AppTest -->
