<?xml version="1.0" encoding="UTF-8"?>
<!-- Generated by org.testng.reporters.JUnitReportReporter -->
<testsuite hostname="DESKTOP-0BKH9NL" failures="0" tests="3" name="com.simplilearn.evaluatingtestcases.Assertion" time="14.994" errors="0" timestamp="2022-04-16T10:09:12 IST" skipped="0">
  <testcase classname="com.simplilearn.evaluatingtestcases.Assertion" name="Facebook" time="2.763"/>
  <system-out/>
  <testcase classname="com.simplilearn.evaluatingtestcases.Assertion" name="Login" time="3.289"/>
  <system-out/>
  <testcase classname="com.simplilearn.evaluatingtestcases.Assertion" name="launch" time="8.942"/>
  <system-out/>
</testsuite> <!-- com.simplilearn.evaluatingtestcases.Assertion -->
