<?xml version="1.0" encoding="UTF-8"?>
<!-- Generated by org.testng.reporters.JUnitReportReporter -->
<testsuite hostname="DESKTOP-0BKH9NL" failures="0" tests="2" name="com.simplilearn.automatethewebapplication.LoginTest" time="26.275" errors="0" timestamp="2022-04-16T11:30:03 IST" skipped="0">
  <testcase classname="com.simplilearn.automatethewebapplication.LoginTest" name="loginTest" time="17.474"/>
  <system-out/>
  <testcase classname="com.simplilearn.automatethewebapplication.LoginTest" name="registrationTest" time="8.801"/>
  <system-out/>
</testsuite> <!-- com.simplilearn.automatethewebapplication.LoginTest -->
