<?xml version="1.0" encoding="UTF-8"?>
<!-- Generated by org.testng.reporters.JUnitReportReporter -->
<testsuite hostname="DESKTOP-0BKH9NL" failures="0" tests="2" name="com.simplilearn.testannotation.TestAnnotation" time="0.009" errors="0" timestamp="2022-04-16T09:06:26 IST" skipped="0">
  <testcase classname="com.simplilearn.testannotation.TestAnnotation" name="test1" time="0.006"/>
  <system-out/>
  <testcase classname="com.simplilearn.testannotation.TestAnnotation" name="test2" time="0.003"/>
  <system-out/>
</testsuite> <!-- com.simplilearn.testannotation.TestAnnotation -->
